{"level":"error","message":"Hello 구독자님들."}
{"level":"error","message":"Hello 구독자님들."}
{"level":"error","message":"Hello 구독자님들."}
{"level":"error","message":"Hello 구독자님들."}
{"level":"error","message":"Hello 구독자님들."}
{"level":"error","message":"Hello 구독자님들."}
{"level":"error","message":"Hello 구독자님들."}
{"level":"error","message":"Hello 구독자님들."}
{"level":"error","message":"Hello 구독자님들."}
2023-02-18 17:12:06 [백엔드 맛보기] error : Hello 구독자님들.
2023-02-18 17:13:06 [백엔드 맛보기] error : Hello 구독자님들.
2023-02-18 17:13:06 [백엔드 맛보기] error : Hello 구독자님들.
2023-02-18 17:13:06 [백엔드 맛보기] info : 서버 가동
2023-02-18 17:14:06 [백엔드 맛보기] error : Hello 구독자님들.
2023-02-18 17:14:06 [백엔드 맛보기] info : 3000서버 가동
2023-02-18 17:14:06 [백엔드 맛보기] error : Hello 구독자님들.
2023-02-18 17:14:06 [백엔드 맛보기] info : 3000 서버 가동
2023-02-18 17:14:06 [백엔드 맛보기] error : Hello 구독자님들.
2023-02-18 17:14:06 [백엔드 맛보기] info : 3000 포트에서 서버가 가동되었습니다.
2023-02-18 17:26:06 [백엔드 맛보기] error : Hello 구독자님들.
2023-02-18 17:26:06 [백엔드 맛보기] info : 3000 포트에서 서버가 가동되었습니다.
2023-02-18 17:26:06 [백엔드 맛보기] info : 3000 포트에서 서버가 가동되었습니다.
2023-02-18 17:26:06 [백엔드 맛보기] info : 3000 포트에서 서버가 가동되었습니다.
2023-02-18 23:56:06 [백엔드 맛보기] info : 3000 포트에서 서버가 가동되었습니다.
2023-02-18 23:57:06 [백엔드 맛보기] info : 3000 포트에서 서버가 가동되었습니다.
2023-02-18 23:57:06 [백엔드 맛보기] info : 3000 포트에서 서버가 가동되었습니다.
2023-02-19 00:00:00 [백엔드 맛보기] info : 3000 포트에서 서버가 가동되었습니다.
2023-02-19 00:00:00 [백엔드 맛보기] info : 3000 포트에서 서버가 가동되었습니다.
2023-02-19 00:04:00 [백엔드 맛보기] info : 3000 포트에서 서버가 가동되었습니다.
2023-02-19 00:06:00 [백엔드 맛보기] info : 3000 포트에서 서버가 가동되었습니다.
2023-02-19 00:11:00 [백엔드 맛보기] info : 3000 포트에서 서버가 가동되었습니다.
2023-02-19 00:11:00 [백엔드 맛보기] info : 3000 포트에서 서버가 가동되었습니다.
2023-02-19 00:12:00 [백엔드 맛보기] info : 3000 포트에서 서버가 가동되었습니다.
2023-02-19 00:13:00 [백엔드 맛보기] info : 3000 포트에서 서버가 가동되었습니다.
2023-02-19 00:15:00 [백엔드 맛보기] info : 3000 포트에서 서버가 가동되었습니다.
2023-02-19 00:18:00 [백엔드 맛보기] info : 3000 포트에서 서버가 가동되었습니다.
2023-02-19 00:20:00 [백엔드 맛보기] info : 3000 포트에서 서버가 가동되었습니다.
2023-02-19 00:21:00 [백엔드 맛보기] info : 3000 포트에서 서버가 가동되었습니다.
2023-02-19 00:22:00 [백엔드 맛보기] info : 3000 포트에서 서버가 가동되었습니다.
2023-02-19 00:25:00 [백엔드 맛보기] info : 3000 포트에서 서버가 가동되었습니다.
2023-02-19 00:37:00 [백엔드 맛보기] info : get /200 "홈 화면으로 이동
2023-02-19 00:45:00 [백엔드 맛보기] info : 3000 포트에서 서버가 가동되었습니다.
2023-02-19 00:45:00 [백엔드 맛보기] info : get /200 "홈 화면으로 이동
2023-02-19 00:45:00 [백엔드 맛보기] info : get /200 "로그인 화면으로 이동
2023-02-19 00:46:00 [백엔드 맛보기] info : 3000 포트에서 서버가 가동되었습니다.
2023-02-19 00:46:00 [백엔드 맛보기] info : get /200 "홈 화면으로 이동
2023-02-19 00:46:00 [백엔드 맛보기] info : get /200 "로그인 화면으로 이동
2023-02-19 00:46:00 [백엔드 맛보기] info : get /200 "로그인 화면으로 이동
2023-02-19 00:47:00 [백엔드 맛보기] info : 3000 포트에서 서버가 가동되었습니다.
2023-02-19 00:47:00 [백엔드 맛보기] info : get /200 "로그인 화면으로 이동
2023-02-19 00:47:00 [백엔드 맛보기] info : get /200 "로그인 화면으로 이동
2023-02-19 00:47:00 [백엔드 맛보기] info : get /200 "홈 화면으로 이동
2023-02-19 00:47:00 [백엔드 맛보기] info : get /200 "로그인 화면으로 이동
2023-02-19 00:48:00 [백엔드 맛보기] info : get /200 "로그인 화면으로 이동
2023-02-19 00:48:00 [백엔드 맛보기] info : 3000 포트에서 서버가 가동되었습니다.
2023-02-19 00:48:00 [백엔드 맛보기] info : 3000 포트에서 서버가 가동되었습니다.
2023-02-19 00:48:00 [백엔드 맛보기] info : 3000 포트에서 서버가 가동되었습니다.
2023-02-19 00:49:00 [백엔드 맛보기] info : 3000 포트에서 서버가 가동되었습니다.
2023-02-19 00:49:00 [백엔드 맛보기] info : get /200 "로그인 화면으로 이동
2023-02-19 00:50:00 [백엔드 맛보기] info : 3000 포트에서 서버가 가동되었습니다.
2023-02-19 00:50:00 [백엔드 맛보기] info : 3000 포트에서 서버가 가동되었습니다.
2023-02-19 00:50:00 [백엔드 맛보기] info : 3000 포트에서 서버가 가동되었습니다.
2023-02-19 00:50:00 [백엔드 맛보기] info : 3000 포트에서 서버가 가동되었습니다.
2023-02-19 00:56:00 [백엔드 맛보기] info : 3000 포트에서 서버가 가동되었습니다.
2023-02-19 00:56:00 [백엔드 맛보기] info : 3000 포트에서 서버가 가동되었습니다.
2023-02-19 00:56:00 [백엔드 맛보기] info : 3000 포트에서 서버가 가동되었습니다.
2023-02-19 00:57:00 [백엔드 맛보기] info : 3000 포트에서 서버가 가동되었습니다.
2023-02-19 00:57:00 [백엔드 맛보기] info : 3000 포트에서 서버가 가동되었습니다.
2023-02-19 00:57:00 [백엔드 맛보기] info : get /200 "홈 화면으로 이동
2023-02-19 00:57:00 [백엔드 맛보기] info : get /200 "로그인 화면으로 이동
2023-02-19 00:58:00 [백엔드 맛보기] info : get /200 "회원가입 화면으로 이동
2023-02-19 00:58:00 [백엔드 맛보기] info : get /200 "로그인 화면으로 이동
2023-02-19 00:58:00 [백엔드 맛보기] info : 3000 포트에서 서버가 가동되었습니다.
2023-02-19 00:59:00 [백엔드 맛보기] info : 3000 포트에서 서버가 가동되었습니다.
2023-02-19 01:00:00 [백엔드 맛보기] info : 3000 포트에서 서버가 가동되었습니다.
2023-02-19 01:00:00 [백엔드 맛보기] info : 3000 포트에서 서버가 가동되었습니다.
2023-02-19 01:00:00 [백엔드 맛보기] info : 3000 포트에서 서버가 가동되었습니다.
2023-02-19 01:01:00 [백엔드 맛보기] info : 3000 포트에서 서버가 가동되었습니다.
2023-02-19 01:01:00 [백엔드 맛보기] info : 3000 포트에서 서버가 가동되었습니다.
2023-02-19 01:01:00 [백엔드 맛보기] info : 3000 포트에서 서버가 가동되었습니다.
2023-02-19 01:02:00 [백엔드 맛보기] info : 3000 포트에서 서버가 가동되었습니다.
2023-02-19 01:03:00 [백엔드 맛보기] info : 3000 포트에서 서버가 가동되었습니다.
2023-02-19 01:03:00 [백엔드 맛보기] info : 3000 포트에서 서버가 가동되었습니다.
2023-02-19 01:03:00 [백엔드 맛보기] info : 3000 포트에서 서버가 가동되었습니다.
2023-02-19 01:04:00 [백엔드 맛보기] info : 3000 포트에서 서버가 가동되었습니다.
2023-02-19 01:04:00 [백엔드 맛보기] info : 3000 포트에서 서버가 가동되었습니다.
2023-02-19 01:13:00 [백엔드 맛보기] info : 3000 포트에서 서버가 가동되었습니다.
2023-02-19 01:13:00 [백엔드 맛보기] info : get /200 "로그인 화면으로 이동
2023-02-19 01:14:00 [백엔드 맛보기] info : 3000 포트에서 서버가 가동되었습니다.
2023-02-19 01:14:00 [백엔드 맛보기] info : get /200 "회원가입 화면으로 이동
2023-02-19 01:14:00 [백엔드 맛보기] info : 3000 포트에서 서버가 가동되었습니다.
2023-02-19 01:15:00 [백엔드 맛보기] info : 3000 포트에서 서버가 가동되었습니다.
2023-02-19 01:15:00 [백엔드 맛보기] info : 3000 포트에서 서버가 가동되었습니다.
2023-02-19 01:16:00 [백엔드 맛보기] info : 3000 포트에서 서버가 가동되었습니다.
2023-02-19 01:16:00 [백엔드 맛보기] info : 3000 포트에서 서버가 가동되었습니다.
2023-02-19 01:17:00 [백엔드 맛보기] info : get /200 "로그인 화면으로 이동
2023-02-19 01:18:00 [백엔드 맛보기] info : 3000 포트에서 서버가 가동되었습니다.
2023-02-19 01:18:00 [백엔드 맛보기] info : get /200 "로그인 화면으로 이동
2023-02-19 01:18:00 [백엔드 맛보기] info : get /200 "로그인 화면으로 이동
2023-02-19 01:19:00 [백엔드 맛보기] info : 3000 포트에서 서버가 가동되었습니다.
2023-02-19 01:20:00 [백엔드 맛보기] info : 3000 포트에서 서버가 가동되었습니다.
2023-02-19 01:20:00 [백엔드 맛보기] info : 3000 포트에서 서버가 가동되었습니다.
2023-02-19 01:22:00 [백엔드 맛보기] info : 3000 포트에서 서버가 가동되었습니다.
2023-02-19 01:24:00 [백엔드 맛보기] info : 3000 포트에서 서버가 가동되었습니다.
2023-02-19 01:24:00 [백엔드 맛보기] info : 3000 포트에서 서버가 가동되었습니다.
2023-02-19 01:24:00 [백엔드 맛보기] info : 3000 포트에서 서버가 가동되었습니다.
2023-02-19 01:25:00 [백엔드 맛보기] info : 3000 포트에서 서버가 가동되었습니다.
2023-02-19 01:25:00 [백엔드 맛보기] info : get /200 "로그인 화면으로 이동
2023-02-19 01:25:00 [백엔드 맛보기] info : get /200 "회원가입 화면으로 이동
2023-02-19 01:25:00 [백엔드 맛보기] error : POST /register 400 POST /login 200 Response :  false Error: ER_NO_DB_ERROR: No database selected
2023-02-19 01:25:00 [백엔드 맛보기] error : POST /register 400 POST /login 200 Response :  false Error: ER_NO_DB_ERROR: No database selected
2023-02-19 01:25:00 [백엔드 맛보기] error : POST /register 400 POST /login 200 Response :  false Error: ER_NO_DB_ERROR: No database selected
2023-02-19 01:26:00 [백엔드 맛보기] info : 3000 포트에서 서버가 가동되었습니다.
2023-02-19 01:26:00 [백엔드 맛보기] info : get /200 "회원가입 화면으로 이동
2023-02-19 01:26:00 [백엔드 맛보기] error : POST /register 400 POST /login 200 Response :  false Error: ER_NO_DB_ERROR: No database selected
2023-02-19 01:26:00 [백엔드 맛보기] info : 3000 포트에서 서버가 가동되었습니다.
2023-02-19 01:26:00 [백엔드 맛보기] error : POST /register 400 POST /login 200 Response :  false Error: ER_NO_DB_ERROR: No database selected
2023-02-19 01:26:00 [백엔드 맛보기] info : get /200 "회원가입 화면으로 이동
2023-02-19 01:26:00 [백엔드 맛보기] info : get /200 "회원가입 화면으로 이동
2023-02-19 01:27:00 [백엔드 맛보기] error : POST /register 400 POST /login 200 Response :  false Error: ER_NO_DB_ERROR: No database selected
2023-02-19 01:27:00 [백엔드 맛보기] error : POST /register 400 POST /login 200 Response :  false Error: ER_NO_DB_ERROR: No database selected
2023-02-19 01:28:00 [백엔드 맛보기] info : 3000 포트에서 서버가 가동되었습니다.
2023-02-19 01:28:00 [백엔드 맛보기] info : get /200 "회원가입 화면으로 이동
2023-02-19 01:28:00 [백엔드 맛보기] error : POST /register 400 POST /login 200 Response :  false Error: ER_NO_DB_ERROR: No database selected
2023-02-19 01:29:00 [백엔드 맛보기] error : POST /register 400 POST /login 200 Response :  false Error: ER_NO_DB_ERROR: No database selected
2023-02-19 01:29:00 [백엔드 맛보기] info : get /200 "로그인 화면으로 이동
2023-02-19 01:30:00 [백엔드 맛보기] info : get /200 "회원가입 화면으로 이동
2023-02-19 01:30:00 [백엔드 맛보기] info : 3000 포트에서 서버가 가동되었습니다.
2023-02-19 01:30:00 [백엔드 맛보기] error : POST /register 400 POST /login 200 Response :  false Error: ER_NO_DB_ERROR: No database selected
2023-02-19 01:30:00 [백엔드 맛보기] info : get /200 "로그인 화면으로 이동
2023-02-19 01:31:00 [백엔드 맛보기] info : 3000 포트에서 서버가 가동되었습니다.
2023-02-19 01:31:00 [백엔드 맛보기] info : get /200 "로그인 화면으로 이동
2023-02-19 01:31:00 [백엔드 맛보기] info : get /200 "회원가입 화면으로 이동
2023-02-19 01:31:00 [백엔드 맛보기] error : POST /register 400 POST /login 200 Response :  false Error: ER_NO_DB_ERROR: No database selected
2023-02-19 01:32:00 [백엔드 맛보기] info : 3000 포트에서 서버가 가동되었습니다.
2023-02-19 01:40:00 [백엔드 맛보기] info : 3000 포트에서 서버가 가동되었습니다.
2023-02-19 01:40:00 [백엔드 맛보기] info : get /200 "회원가입 화면으로 이동
2023-02-19 01:40:00 [백엔드 맛보기] error : POST /register 400 POST /login 200 Response :  false Error: ER_NO_DB_ERROR: No database selected
2023-02-19 01:45:00 [백엔드 맛보기] info : get /200 "회원가입 화면으로 이동
2023-02-19 01:45:00 [백엔드 맛보기] error : POST /register 400 POST /login 200 Response :  false Error: ER_NO_DB_ERROR: No database selected
2023-02-19 01:46:00 [백엔드 맛보기] error : POST /register 400 POST /login 200 Response :  false Error: ER_NO_DB_ERROR: No database selected
2023-02-19 01:47:00 [백엔드 맛보기] info : 3000 포트에서 서버가 가동되었습니다.
2023-02-19 01:47:00 [백엔드 맛보기] info : get /200 "회원가입 화면으로 이동
2023-02-19 01:47:00 [백엔드 맛보기] error : POST /register 400 POST /login 200 Response :  false Error: ER_NO_DB_ERROR: No database selected
2023-02-19 01:49:00 [백엔드 맛보기] info : 3000 포트에서 서버가 가동되었습니다.
2023-02-19 01:49:00 [백엔드 맛보기] error : POST /register 400 POST /login 200 Response :  false Error: ER_NO_DB_ERROR: No database selected
2023-02-19 01:49:00 [백엔드 맛보기] info : get /200 "회원가입 화면으로 이동
2023-02-19 01:49:00 [백엔드 맛보기] error : POST /register 400 POST /login 200 Response :  false Error: ER_NO_DB_ERROR: No database selected
2023-02-19 01:50:00 [백엔드 맛보기] error : POST /register 400 POST /login 200 Response :  false Error: ER_NO_DB_ERROR: No database selected
2023-02-19 01:51:00 [백엔드 맛보기] error : POST /register 400 POST /login 200 Response :  false Error: ER_NO_DB_ERROR: No database selected
2023-02-19 01:52:00 [백엔드 맛보기] error : POST /register 400 POST /login 200 Response :  false Error: ER_NO_DB_ERROR: No database selected
2023-02-19 01:53:00 [백엔드 맛보기] info : 3000 포트에서 서버가 가동되었습니다.
2023-02-19 01:54:00 [백엔드 맛보기] info : get /200 "회원가입 화면으로 이동
2023-02-19 01:54:00 [백엔드 맛보기] error : POST /register 400 POST /login 200 Response :  false Error: ER_NO_DB_ERROR: No database selected
2023-02-19 01:54:00 [백엔드 맛보기] error : POST /register 400 POST /login 200 Response :  false Error: ER_NO_DB_ERROR: No database selected
2023-02-19 01:54:00 [백엔드 맛보기] info : get /200 "회원가입 화면으로 이동
2023-02-19 01:55:00 [백엔드 맛보기] info : get /200 "로그인 화면으로 이동
2023-02-19 01:55:00 [백엔드 맛보기] info : get /200 "회원가입 화면으로 이동
2023-02-19 01:55:00 [백엔드 맛보기] error : POST /register 400 POST /login 200 Response :  false Error: ER_NO_DB_ERROR: No database selected
2023-02-19 01:55:00 [백엔드 맛보기] info : get /200 "회원가입 화면으로 이동
2023-02-19 01:55:00 [백엔드 맛보기] error : POST /register 400 POST /login 200 Response :  false Error: ER_NO_DB_ERROR: No database selected
2023-02-19 01:56:00 [백엔드 맛보기] info : get /200 "회원가입 화면으로 이동
2023-02-19 01:56:00 [백엔드 맛보기] error : POST /register 400 POST /login 200 Response :  false Error: ER_NO_DB_ERROR: No database selected
2023-02-19 01:57:00 [백엔드 맛보기] info : 3000 포트에서 서버가 가동되었습니다.
2023-02-19 01:57:00 [백엔드 맛보기] info : get /200 "회원가입 화면으로 이동
2023-02-19 01:57:00 [백엔드 맛보기] error : POST /register 400 POST /login 200 Response :  false Error: ER_NO_DB_ERROR: No database selected
2023-02-19 01:58:00 [백엔드 맛보기] info : 3000 포트에서 서버가 가동되었습니다.
2023-02-19 01:58:00 [백엔드 맛보기] info : get /200 "회원가입 화면으로 이동
2023-02-19 01:58:00 [백엔드 맛보기] error : POST /register 400 POST /login 200 Response :  false Error: ER_NO_DB_ERROR: No database selected
2023-02-19 02:00:00 [백엔드 맛보기] info : get /200 "로그인 화면으로 이동
2023-02-19 02:00:00 [백엔드 맛보기] info : get /200 "회원가입 화면으로 이동
2023-02-19 02:00:00 [백엔드 맛보기] info : get /200 "로그인 화면으로 이동
2023-02-19 02:00:00 [백엔드 맛보기] info : get /200 "회원가입 화면으로 이동
2023-02-19 02:00:00 [백엔드 맛보기] error : POST /register 400 POST /login 200 Response :  false Error: ER_NO_DB_ERROR: No database selected
2023-02-19 02:00:00 [백엔드 맛보기] error : POST /register 400 POST /login 200 Response :  false Error: ER_NO_DB_ERROR: No database selected
2023-02-19 02:03:00 [백엔드 맛보기] info : 3000 포트에서 서버가 가동되었습니다.
2023-02-19 02:04:00 [백엔드 맛보기] info : 3000 포트에서 서버가 가동되었습니다.
2023-02-19 02:04:00 [백엔드 맛보기] info : 3000 포트에서 서버가 가동되었습니다.
2023-02-19 02:04:00 [백엔드 맛보기] info : 3000 포트에서 서버가 가동되었습니다.
2023-02-19 02:04:00 [백엔드 맛보기] info : 3000 포트에서 서버가 가동되었습니다.
2023-02-19 02:04:00 [백엔드 맛보기] info : get /200 "회원가입 화면으로 이동
2023-02-19 02:04:00 [백엔드 맛보기] error : POST /register 400 POST /login 200 Response :  false Error: ER_NO_DB_ERROR: No database selected
2023-02-19 02:05:00 [백엔드 맛보기] info : 3000 포트에서 서버가 가동되었습니다.
2023-02-19 02:05:00 [백엔드 맛보기] info : get /200 "회원가입 화면으로 이동
2023-02-19 02:05:00 [백엔드 맛보기] info : 3000 포트에서 서버가 가동되었습니다.
2023-02-19 02:05:00 [백엔드 맛보기] info : get /200 "회원가입 화면으로 이동
2023-02-19 02:05:00 [백엔드 맛보기] error : POST /register 400 POST /login 200 Response :  false Error: ER_NO_DB_ERROR: No database selected
2023-02-19 02:09:00 [백엔드 맛보기] info : get /200 "회원가입 화면으로 이동
2023-02-19 02:09:00 [백엔드 맛보기] error : POST /register 400 POST /login 200 Response :  false Error: ER_NO_DB_ERROR: No database selected
2023-02-19 02:09:00 [백엔드 맛보기] info : get /200 "로그인 화면으로 이동
2023-02-19 02:09:00 [백엔드 맛보기] info : get /200 "회원가입 화면으로 이동
2023-02-19 02:10:00 [백엔드 맛보기] error : POST /register 400 POST /login 200 Response :  false Error: ER_NO_DB_ERROR: No database selected
2023-02-19 02:13:00 [백엔드 맛보기] info : 3000 포트에서 서버가 가동되었습니다.
2023-02-19 02:13:00 [백엔드 맛보기] info : get /200 "회원가입 화면으로 이동
2023-02-19 02:13:00 [백엔드 맛보기] error : POST /register 400 POST /login 200 Response :  false Error: ER_NO_DB_ERROR: No database selected
2023-02-19 02:14:00 [백엔드 맛보기] info : 3000 포트에서 서버가 가동되었습니다.
2023-02-19 02:14:00 [백엔드 맛보기] info : get /200 "회원가입 화면으로 이동
2023-02-19 02:14:00 [백엔드 맛보기] error : POST /register 400 POST /login 200 Response :  false Error: ER_DUP_ENTRY: Duplicate entry 'ab' for key 'users.PRIMARY'
2023-02-19 02:15:00 [백엔드 맛보기] info : 3000 포트에서 서버가 가동되었습니다.
2023-02-19 02:15:00 [백엔드 맛보기] info : get /200 "회원가입 화면으로 이동
2023-02-19 02:15:00 [백엔드 맛보기] error : POST /register 400 POST /login 200 Response :  false Error: ER_NO_DB_ERROR: No database selected
2023-02-19 02:15:00 [백엔드 맛보기] error : POST /register 400 POST /login 200 Response :  false Error: ER_NO_DB_ERROR: No database selected
2023-02-19 02:15:00 [백엔드 맛보기] info : get /200 "홈 화면으로 이동
2023-02-19 02:17:00 [백엔드 맛보기] info : 3000 포트에서 서버가 가동되었습니다.
2023-02-19 02:18:00 [백엔드 맛보기] info : get /200 "회원가입 화면으로 이동
2023-02-19 02:18:00 [백엔드 맛보기] error : POST /register 400 POST /login 200 Response :  false Error: ER_DUP_ENTRY: Duplicate entry 'ab' for key 'users.PRIMARY'
2023-02-19 02:18:00 [백엔드 맛보기] info : POST /register 200 POST /login 200 Response :  true 
2023-02-19 02:18:00 [백엔드 맛보기] info : get /200 "로그인 화면으로 이동
2023-02-19 02:18:00 [백엔드 맛보기] info : get /200 "회원가입 화면으로 이동
2023-02-19 02:18:00 [백엔드 맛보기] error : POST /register 400 POST /login 200 Response :  false Error: ER_DUP_ENTRY: Duplicate entry 'ab' for key 'users.PRIMARY'
2023-02-19 02:19:00 [백엔드 맛보기] info : get /200 "로그인 화면으로 이동
2023-02-19 02:19:00 [백엔드 맛보기] info : get /200 "회원가입 화면으로 이동
2023-02-19 02:19:00 [백엔드 맛보기] info : get /200 "로그인 화면으로 이동
2023-02-19 02:19:00 [백엔드 맛보기] info : 3000 포트에서 서버가 가동되었습니다.
2023-02-19 02:19:00 [백엔드 맛보기] info : get /200 "로그인 화면으로 이동
2023-02-19 02:19:00 [백엔드 맛보기] info : get /200 "회원가입 화면으로 이동
2023-02-19 02:19:00 [백엔드 맛보기] error : POST /register 400 POST /login 200 Response :  false Error: ER_NO_DB_ERROR: No database selected
2023-02-19 02:20:00 [백엔드 맛보기] info : 3000 포트에서 서버가 가동되었습니다.
2023-02-19 02:22:00 [백엔드 맛보기] info : 3000 포트에서 서버가 가동되었습니다.
2023-02-19 02:22:00 [백엔드 맛보기] info : get /200 "회원가입 화면으로 이동
2023-02-19 02:22:00 [백엔드 맛보기] error : POST /register 400 POST /login 200 Response :  false Error: ER_NO_DB_ERROR: No database selected
2023-02-19 02:22:00 [백엔드 맛보기] info : 3000 포트에서 서버가 가동되었습니다.
2023-02-19 02:22:00 [백엔드 맛보기] info : 3000 포트에서 서버가 가동되었습니다.
2023-02-19 02:22:00 [백엔드 맛보기] info : get /200 "회원가입 화면으로 이동
2023-02-19 02:22:00 [백엔드 맛보기] info : get /200 "회원가입 화면으로 이동
2023-02-19 02:22:00 [백엔드 맛보기] error : POST /register 400 POST /login 200 Response :  false Error: ER_DUP_ENTRY: Duplicate entry 'ab' for key 'users.PRIMARY'
2023-02-19 02:26:00 [백엔드 맛보기] info : 3000 포트에서 서버가 가동되었습니다.
2023-02-19 02:27:00 [백엔드 맛보기] info : 3000 포트에서 서버가 가동되었습니다.
2023-02-19 10:17:00 [백엔드 맛보기] info : 3000 포트에서 서버가 가동되었습니다.
2023-02-19 10:17:00 [백엔드 맛보기] info : get /200 "홈 화면으로 이동
2023-02-19 10:18:00 [백엔드 맛보기] info : get /200 "로그인 화면으로 이동
2023-02-19 10:19:00 [백엔드 맛보기] info : 3000 포트에서 서버가 가동되었습니다.
2023-02-19 10:19:00 [백엔드 맛보기] info : get /200 "로그인 화면으로 이동
2023-02-19 10:19:00 [백엔드 맛보기] info : 3000 포트에서 서버가 가동되었습니다.
2023-02-19 10:19:00 [백엔드 맛보기] info : get /200 "로그인 화면으로 이동
2023-02-19 10:20:00 [백엔드 맛보기] info : 3000 포트에서 서버가 가동되었습니다.
2023-02-19 10:20:00 [백엔드 맛보기] info : 3000 포트에서 서버가 가동되었습니다.
2023-02-19 10:20:00 [백엔드 맛보기] info : get /200 "로그인 화면으로 이동
2023-02-19 10:21:00 [백엔드 맛보기] info : 3000 포트에서 서버가 가동되었습니다.
2023-02-19 10:21:00 [백엔드 맛보기] info : 3000 포트에서 서버가 가동되었습니다.
2023-02-19 10:22:00 [백엔드 맛보기] info : 3000 포트에서 서버가 가동되었습니다.
2023-02-19 10:22:00 [백엔드 맛보기] info : 3000 포트에서 서버가 가동되었습니다.
2023-02-19 10:22:00 [백엔드 맛보기] info : get /200 "로그인 화면으로 이동
2023-02-19 10:22:00 [백엔드 맛보기] info : get /200 "로그인 화면으로 이동
2023-02-19 10:23:00 [백엔드 맛보기] info : 3000 포트에서 서버가 가동되었습니다.
2023-02-19 10:23:00 [백엔드 맛보기] info : get /200 "회원가입 화면으로 이동
2023-02-19 10:23:00 [백엔드 맛보기] info : 조쇼
2023-02-19 10:23:00 [백엔드 맛보기] error : POST /register 400 POST /login 200 Response :  false Error: ER_DUP_ENTRY: Duplicate entry 'ab' for key 'users.PRIMARY'
2023-02-19 10:23:00 [백엔드 맛보기] info : get /200 "로그인 화면으로 이동
2023-02-19 10:23:00 [백엔드 맛보기] info : get /200 "회원가입 화면으로 이동
2023-02-19 10:23:00 [백엔드 맛보기] info : get /200 "로그인 화면으로 이동
2023-02-19 10:24:00 [백엔드 맛보기] info : 3000 포트에서 서버가 가동되었습니다.
2023-02-19 10:24:00 [백엔드 맛보기] info : get /200 "로그인 화면으로 이동
2023-02-19 10:24:00 [백엔드 맛보기] info : 3000 포트에서 서버가 가동되었습니다.
2023-02-19 10:25:00 [백엔드 맛보기] info : 3000 포트에서 서버가 가동되었습니다.
2023-02-19 10:25:00 [백엔드 맛보기] info : get /200 "로그인 화면으로 이동
2023-02-19 10:26:00 [백엔드 맛보기] info : 3000 포트에서 서버가 가동되었습니다.
2023-02-19 10:26:00 [백엔드 맛보기] info : get /200 "로그인 화면으로 이동
2023-02-19 10:26:00 [백엔드 맛보기] info : 3000 포트에서 서버가 가동되었습니다.
2023-02-19 10:26:00 [백엔드 맛보기] info : get /200 "로그인 화면으로 이동
2023-02-19 10:27:00 [백엔드 맛보기] info : 3000 포트에서 서버가 가동되었습니다.
2023-02-19 10:27:00 [백엔드 맛보기] info : get /200 "로그인 화면으로 이동
2023-02-19 10:27:00 [백엔드 맛보기] info : get /200 "로그인 화면으로 이동
2023-02-19 10:27:00 [백엔드 맛보기] info : 3000 포트에서 서버가 가동되었습니다.
2023-02-19 10:27:00 [백엔드 맛보기] info : get /200 "로그인 화면으로 이동
2023-02-19 10:32:00 [백엔드 맛보기] info : 3000 포트에서 서버가 가동되었습니다.
2023-02-19 10:32:00 [백엔드 맛보기] info : get /200 "로그인 화면으로 이동
2023-02-19 10:32:00 [백엔드 맛보기] info : 3000 포트에서 서버가 가동되었습니다.
2023-02-19 11:07:00 [백엔드 맛보기] info : get /200 "홈 화면으로 이동
2023-02-19 12:06:00 [백엔드 맛보기] info : get /200 "홈 화면으로 이동
2023-02-19 12:28:00 [백엔드 맛보기] info : 3000 포트에서 서버가 가동되었습니다.
2023-02-19 12:28:00 [백엔드 맛보기] info : get /200 "로그인 화면으로 이동
2023-02-19 12:28:00 [백엔드 맛보기] info : 3000 포트에서 서버가 가동되었습니다.
2023-02-19 12:28:00 [백엔드 맛보기] info : 3000 포트에서 서버가 가동되었습니다.
2023-02-19 12:28:00 [백엔드 맛보기] info : get /200 "로그인 화면으로 이동
2023-02-19 12:28:00 [백엔드 맛보기] info : 3000 포트에서 서버가 가동되었습니다.
2023-02-19 12:28:00 [백엔드 맛보기] info : get /200 "로그인 화면으로 이동
2023-02-19 12:28:00 [백엔드 맛보기] info : get /200 "로그인 화면으로 이동
2023-02-19 12:29:00 [백엔드 맛보기] info : 3000 포트에서 서버가 가동되었습니다.
2023-02-19 12:29:00 [백엔드 맛보기] info : get /200 "로그인 화면으로 이동
2023-02-19 12:29:00 [백엔드 맛보기] info : get /200 "로그인 화면으로 이동
2023-02-19 12:29:00 [백엔드 맛보기] info : 3000 포트에서 서버가 가동되었습니다.
2023-02-19 12:29:00 [백엔드 맛보기] info : 3000 포트에서 서버가 가동되었습니다.
2023-02-19 12:29:00 [백엔드 맛보기] info : get /200 "로그인 화면으로 이동
2023-02-19 12:30:00 [백엔드 맛보기] info : 3000 포트에서 서버가 가동되었습니다.
2023-02-19 12:30:00 [백엔드 맛보기] info : get /200 "로그인 화면으로 이동
2023-02-19 12:30:00 [백엔드 맛보기] info : 3000 포트에서 서버가 가동되었습니다.
2023-02-19 12:30:00 [백엔드 맛보기] info : 3000 포트에서 서버가 가동되었습니다.
2023-02-19 12:30:00 [백엔드 맛보기] info : get /200 "로그인 화면으로 이동
2023-02-19 12:31:00 [백엔드 맛보기] info : 3000 포트에서 서버가 가동되었습니다.
2023-02-19 12:31:00 [백엔드 맛보기] info : get /200 "홈 화면으로 이동
2023-02-19 12:32:00 [백엔드 맛보기] info : 3000 포트에서 서버가 가동되었습니다.
2023-02-19 12:32:00 [백엔드 맛보기] info : get /200 "로그인 화면으로 이동
2023-02-19 12:34:00 [백엔드 맛보기] info : 3000 포트에서 서버가 가동되었습니다.
2023-02-19 12:37:00 [백엔드 맛보기] info : 3000 포트에서 서버가 가동되었습니다.
2023-02-19 12:37:00 [백엔드 맛보기] info : get /200 "로그인 화면으로 이동
2023-02-19 12:37:00 [백엔드 맛보기] info : 3000 포트에서 서버가 가동되었습니다.
2023-02-19 12:37:00 [백엔드 맛보기] info : 3000 포트에서 서버가 가동되었습니다.
2023-02-19 12:38:00 [백엔드 맛보기] info : 3000 포트에서 서버가 가동되었습니다.
2023-02-19 12:38:00 [백엔드 맛보기] info : get /200 "홈 화면으로 이동
2023-02-19 12:39:00 [백엔드 맛보기] info : 3000 포트에서 서버가 가동되었습니다.
2023-02-19 12:40:00 [백엔드 맛보기] info : 3000 포트에서 서버가 가동되었습니다.
2023-02-19 12:40:00 [백엔드 맛보기] info : 3000 포트에서 서버가 가동되었습니다.
2023-02-19 12:41:00 [백엔드 맛보기] info : get /200 "로그인 화면으로 이동
2023-02-19 12:41:00 [백엔드 맛보기] info : 3000 포트에서 서버가 가동되었습니다.
2023-02-19 12:41:00 [백엔드 맛보기] info : get /200 "로그인 화면으로 이동
2023-02-19 12:41:00 [백엔드 맛보기] info : 3000 포트에서 서버가 가동되었습니다.
2023-02-19 12:44:00 [백엔드 맛보기] info : 3000 포트에서 서버가 가동되었습니다.
2023-02-19 12:44:00 [백엔드 맛보기] info : get /200 "로그인 화면으로 이동
2023-02-19 12:44:00 [백엔드 맛보기] info : 3000 포트에서 서버가 가동되었습니다.
2023-02-19 12:57:00 [백엔드 맛보기] info : 3000 포트에서 서버가 가동되었습니다.
2023-02-19 12:57:00 [백엔드 맛보기] info : get /200 "로그인 화면으로 이동
2023-02-19 12:58:00 [백엔드 맛보기] info : get /200 "홈 화면으로 이동
2023-02-19 12:59:00 [백엔드 맛보기] info : get /200 "회원가입 화면으로 이동
2023-02-19 12:59:00 [백엔드 맛보기] info : get /200 "회원가입 화면으로 이동
2023-02-19 12:59:00 [백엔드 맛보기] info : get /200 "로그인 화면으로 이동
2023-02-19 12:59:00 [백엔드 맛보기] info : 조쇼
2023-02-19 12:59:00 [백엔드 맛보기] info : POST /login 200 POST /login 200 Response :  true 
2023-02-19 12:59:00 [백엔드 맛보기] info : get /200 "홈 화면으로 이동
2023-02-19 12:59:00 [백엔드 맛보기] info : get /200 "로그인 화면으로 이동
2023-02-19 13:34:00 [백엔드 맛보기] info : get /200 "홈 화면으로 이동
2023-02-19 15:19:00 [백엔드 맛보기] info : get /200 "홈 화면으로 이동
